Determining if the function sgemm_ exists failed with the following output:
Change Dir: /home/carole/src/zed_display_opengl/build/CMakeFiles/CMakeTmp

Run Build Command(s):/usr/bin/make -f Makefile cmTC_7d490/fast && /usr/bin/make  -f CMakeFiles/cmTC_7d490.dir/build.make CMakeFiles/cmTC_7d490.dir/build
make[1]: Entering directory '/home/carole/src/zed_display_opengl/build/CMakeFiles/CMakeTmp'
Building C object CMakeFiles/cmTC_7d490.dir/CheckFunctionExists.c.o
/usr/bin/cc   -DCHECK_FUNCTION_EXISTS=sgemm_ -o CMakeFiles/cmTC_7d490.dir/CheckFunctionExists.c.o -c /usr/share/cmake-3.23/Modules/CheckFunctionExists.c
Linking C executable cmTC_7d490
/usr/bin/cmake -E cmake_link_script CMakeFiles/cmTC_7d490.dir/link.txt --verbose=1
/usr/bin/cc  -DCHECK_FUNCTION_EXISTS=sgemm_ CMakeFiles/cmTC_7d490.dir/CheckFunctionExists.c.o -o cmTC_7d490 
/usr/bin/ld: CMakeFiles/cmTC_7d490.dir/CheckFunctionExists.c.o: in function `main':
CheckFunctionExists.c:(.text+0x14): undefined reference to `sgemm_'
collect2: error: ld returned 1 exit status
make[1]: *** [CMakeFiles/cmTC_7d490.dir/build.make:99: cmTC_7d490] Error 1
make[1]: Leaving directory '/home/carole/src/zed_display_opengl/build/CMakeFiles/CMakeTmp'
make: *** [Makefile:127: cmTC_7d490/fast] Error 2



Performing C SOURCE FILE Test CMAKE_HAVE_LIBC_PTHREAD failed with the following output:
Change Dir: /home/carole/src/zed_display_opengl/build/CMakeFiles/CMakeTmp

Run Build Command(s):/usr/bin/make -f Makefile cmTC_42f28/fast && /usr/bin/make  -f CMakeFiles/cmTC_42f28.dir/build.make CMakeFiles/cmTC_42f28.dir/build
make[1]: Entering directory '/home/carole/src/zed_display_opengl/build/CMakeFiles/CMakeTmp'
Building C object CMakeFiles/cmTC_42f28.dir/src.c.o
/usr/bin/cc -DCMAKE_HAVE_LIBC_PTHREAD   -o CMakeFiles/cmTC_42f28.dir/src.c.o -c /home/carole/src/zed_display_opengl/build/CMakeFiles/CMakeTmp/src.c
Linking C executable cmTC_42f28
/usr/bin/cmake -E cmake_link_script CMakeFiles/cmTC_42f28.dir/link.txt --verbose=1
/usr/bin/cc CMakeFiles/cmTC_42f28.dir/src.c.o -o cmTC_42f28 
/usr/bin/ld: CMakeFiles/cmTC_42f28.dir/src.c.o: in function `main':
src.c:(.text+0x46): undefined reference to `pthread_create'
/usr/bin/ld: src.c:(.text+0x52): undefined reference to `pthread_detach'
/usr/bin/ld: src.c:(.text+0x5e): undefined reference to `pthread_cancel'
/usr/bin/ld: src.c:(.text+0x6f): undefined reference to `pthread_join'
collect2: error: ld returned 1 exit status
make[1]: *** [CMakeFiles/cmTC_42f28.dir/build.make:99: cmTC_42f28] Error 1
make[1]: Leaving directory '/home/carole/src/zed_display_opengl/build/CMakeFiles/CMakeTmp'
make: *** [Makefile:127: cmTC_42f28/fast] Error 2


Source file was:
#include <pthread.h>

static void* test_func(void* data)
{
  return data;
}

int main(void)
{
  pthread_t thread;
  pthread_create(&thread, NULL, test_func, NULL);
  pthread_detach(thread);
  pthread_cancel(thread);
  pthread_join(thread, NULL);
  pthread_atfork(NULL, NULL, NULL);
  pthread_exit(NULL);

  return 0;
}

Determining if the function pthread_create exists in the pthreads failed with the following output:
Change Dir: /home/carole/src/zed_display_opengl/build/CMakeFiles/CMakeTmp

Run Build Command(s):/usr/bin/make -f Makefile cmTC_8fc57/fast && /usr/bin/make  -f CMakeFiles/cmTC_8fc57.dir/build.make CMakeFiles/cmTC_8fc57.dir/build
make[1]: Entering directory '/home/carole/src/zed_display_opengl/build/CMakeFiles/CMakeTmp'
Building C object CMakeFiles/cmTC_8fc57.dir/CheckFunctionExists.c.o
/usr/bin/cc   -DCHECK_FUNCTION_EXISTS=pthread_create -o CMakeFiles/cmTC_8fc57.dir/CheckFunctionExists.c.o -c /usr/share/cmake-3.23/Modules/CheckFunctionExists.c
Linking C executable cmTC_8fc57
/usr/bin/cmake -E cmake_link_script CMakeFiles/cmTC_8fc57.dir/link.txt --verbose=1
/usr/bin/cc  -DCHECK_FUNCTION_EXISTS=pthread_create CMakeFiles/cmTC_8fc57.dir/CheckFunctionExists.c.o -o cmTC_8fc57  -lpthreads 
/usr/bin/ld: cannot find -lpthreads
collect2: error: ld returned 1 exit status
make[1]: *** [CMakeFiles/cmTC_8fc57.dir/build.make:99: cmTC_8fc57] Error 1
make[1]: Leaving directory '/home/carole/src/zed_display_opengl/build/CMakeFiles/CMakeTmp'
make: *** [Makefile:127: cmTC_8fc57/fast] Error 2



Determining if the function sgemm_ exists failed with the following output:
Change Dir: /home/carole/src/zed_display_opengl/build/CMakeFiles/CMakeTmp

Run Build Command(s):/usr/bin/ninja cmTC_79b26 && [1/2] Building C object CMakeFiles/cmTC_79b26.dir/CheckFunctionExists.c.o
[2/2] Linking C executable cmTC_79b26
FAILED: cmTC_79b26 
: && /usr/bin/cc -DCHECK_FUNCTION_EXISTS=sgemm_  CMakeFiles/cmTC_79b26.dir/CheckFunctionExists.c.o -o cmTC_79b26   && :
/usr/bin/ld: CMakeFiles/cmTC_79b26.dir/CheckFunctionExists.c.o: in function `main':
CheckFunctionExists.c:(.text+0x14): undefined reference to `sgemm_'
collect2: error: ld returned 1 exit status
ninja: build stopped: subcommand failed.



Performing C SOURCE FILE Test CMAKE_HAVE_LIBC_PTHREAD failed with the following output:
Change Dir: /home/carole/src/zed_display_opengl/build/CMakeFiles/CMakeTmp

Run Build Command(s):/usr/bin/ninja cmTC_3a89a && [1/2] Building C object CMakeFiles/cmTC_3a89a.dir/src.c.o
[2/2] Linking C executable cmTC_3a89a
FAILED: cmTC_3a89a 
: && /usr/bin/cc   CMakeFiles/cmTC_3a89a.dir/src.c.o -o cmTC_3a89a   && :
/usr/bin/ld: CMakeFiles/cmTC_3a89a.dir/src.c.o: in function `main':
src.c:(.text+0x46): undefined reference to `pthread_create'
/usr/bin/ld: src.c:(.text+0x52): undefined reference to `pthread_detach'
/usr/bin/ld: src.c:(.text+0x5e): undefined reference to `pthread_cancel'
/usr/bin/ld: src.c:(.text+0x6f): undefined reference to `pthread_join'
collect2: error: ld returned 1 exit status
ninja: build stopped: subcommand failed.


Source file was:
#include <pthread.h>

static void* test_func(void* data)
{
  return data;
}

int main(void)
{
  pthread_t thread;
  pthread_create(&thread, NULL, test_func, NULL);
  pthread_detach(thread);
  pthread_cancel(thread);
  pthread_join(thread, NULL);
  pthread_atfork(NULL, NULL, NULL);
  pthread_exit(NULL);

  return 0;
}

Determining if the function pthread_create exists in the pthreads failed with the following output:
Change Dir: /home/carole/src/zed_display_opengl/build/CMakeFiles/CMakeTmp

Run Build Command(s):/usr/bin/ninja cmTC_734b3 && [1/2] Building C object CMakeFiles/cmTC_734b3.dir/CheckFunctionExists.c.o
[2/2] Linking C executable cmTC_734b3
FAILED: cmTC_734b3 
: && /usr/bin/cc -DCHECK_FUNCTION_EXISTS=pthread_create  CMakeFiles/cmTC_734b3.dir/CheckFunctionExists.c.o -o cmTC_734b3  -lpthreads && :
/usr/bin/ld: cannot find -lpthreads
collect2: error: ld returned 1 exit status
ninja: build stopped: subcommand failed.



